<?xml version="1.0" encoding="UTF-8"?>
<!-- Generated by org.testng.reporters.JUnitReportReporter -->
<testsuite hostname="AGI-LT-1137" failures="0" tests="1" name="Mavenproject2.Assignment1.Homepage" time="22.429" errors="0" timestamp="2021-10-07T09:13:40 IST" skipped="0">
  <testcase classname="Mavenproject2.Assignment1.Homepage" name="Browseropen" time="22.429"/>
  <system-out/>
</testsuite> <!-- Mavenproject2.Assignment1.Homepage -->
